[2024-10-23 21:26:35] Payment ID: 1933222, Account Number: 4978133506, Amount: 344.00, Status: SUCCESSFUL, Employee ID: 34, Narration: Compensation payment
[2024-10-22 21:26:35] Payment ID: 1933223, Account Number: 5441620595, Amount: 321.00, Status: SUCCESSFUL, Employee ID: 46, Narration: Severance payment
[2024-10-21 21:26:35] Payment ID: 1933224, Account Number: 2246139556, Amount: 243.00, Status: SUCCESSFUL, Employee ID: 30, Narration: Severance payment
[2024-10-20 21:26:35] Payment ID: 1933225, Account Number: 4049461232, Amount: 229.00, Status: SUCCESSFUL, Employee ID: 30, Narration: Severance payment
[2024-10-19 21:26:35] Payment ID: 1933226, Account Number: 2150346522, Amount: 284.00, Status: SUCCESSFUL, Employee ID: 36, Narration: Pension adjustment
[2024-10-18 21:26:35] Payment ID: 1933227, Account Number: 7496293881, Amount: 436.00, Status: SUCCESSFUL, Employee ID: 24, Narration: Compensation payment
[2024-10-17 21:26:35] Payment ID: 1933228, Account Number: 1991046225, Amount: 254.00, Status: SUCCESSFUL, Employee ID: 48, Narration: Retirement fund allocation
[2024-10-16 21:26:35] Payment ID: 1933229, Account Number: 4818184086, Amount: 355.00, Status: SUCCESSFUL, Employee ID: 48, Narration: Monthly pension transfer
[2024-10-15 21:26:35] Payment ID: 1933230, Account Number: 6746493969, Amount: 296.00, Status: SUCCESSFUL, Employee ID: 39, Narration: Compensation payment
[2024-10-14 21:26:35] Payment ID: 1933231, Account Number: 7087934521, Amount: 491.00, Status: SUCCESSFUL, Employee ID: 47, Narration: Salary disbursement
[2024-10-13 21:26:35] Payment ID: 1933232, Account Number: 6824937028, Amount: 330.00, Status: SUCCESSFUL, Employee ID: 23, Narration: Pension adjustment
[2024-10-12 21:26:35] Payment ID: 1933233, Account Number: 9130773400, Amount: 229.00, Status: SUCCESSFUL, Employee ID: 31, Narration: Transportation reimbursement
[2024-10-11 21:26:35] Payment ID: 1933234, Account Number: 2285287172, Amount: 399.00, Status: SUCCESSFUL, Employee ID: 27, Narration: Bonus payment
[2024-10-10 21:26:35] Payment ID: 1933235, Account Number: 1190431428, Amount: 392.00, Status: SUCCESSFUL, Employee ID: 29, Narration: Transportation reimbursement
[2024-10-09 21:26:35] Payment ID: 1933236, Account Number: 0998219805, Amount: 400.00, Status: SUCCESSFUL, Employee ID: 27, Narration: Bonus payment
[2024-10-08 21:26:35] Payment ID: 1933237, Account Number: 5414714249, Amount: 259.00, Status: SUCCESSFUL, Employee ID: 26, Narration: Salary disbursement
[2024-10-07 21:26:35] Payment ID: 1933238, Account Number: 9503503878, Amount: 453.00, Status: SUCCESSFUL, Employee ID: 29, Narration: Severance payment
[2024-10-06 21:26:35] Payment ID: 1933239, Account Number: 7381273417, Amount: 302.00, Status: SUCCESSFUL, Employee ID: 45, Narration: Transportation reimbursement
[2024-10-05 21:26:35] Payment ID: 1933240, Account Number: 5968459342, Amount: 480.00, Status: SUCCESSFUL, Employee ID: 44, Narration: Compensation payment
[2024-10-04 21:26:35] Payment ID: 1933241, Account Number: 9728608143, Amount: 439.00, Status: SUCCESSFUL, Employee ID: 46, Narration: Year-end bonus
[2024-10-03 21:26:35] Payment ID: 1933242, Account Number: 7852387969, Amount: 285.00, Status: SUCCESSFUL, Employee ID: 48, Narration: Pension adjustment
[2024-10-02 21:26:35] Payment ID: 1933243, Account Number: 9725360887, Amount: 396.00, Status: SUCCESSFUL, Employee ID: 20, Narration: Monthly pension transfer
[2024-10-01 21:26:35] Payment ID: 1933244, Account Number: 2889699613, Amount: 209.00, Status: SUCCESSFUL, Employee ID: 31, Narration: Transportation reimbursement
[2024-09-30 21:26:35] Payment ID: 1933245, Account Number: 6845451659, Amount: 273.00, Status: SUCCESSFUL, Employee ID: 47, Narration: Bonus payment
[2024-09-29 21:26:35] Payment ID: 1933246, Account Number: 6202610313, Amount: 271.00, Status: SUCCESSFUL, Employee ID: 42, Narration: Pension adjustment
[2024-09-28 21:26:35] Payment ID: 1933247, Account Number: 6846176933, Amount: 243.00, Status: SUCCESSFUL, Employee ID: 28, Narration: Year-end bonus
[2024-09-27 21:26:35] Payment ID: 1933248, Account Number: 0672321564, Amount: 350.00, Status: SUCCESSFUL, Employee ID: 36, Narration: Medical allowance
[2024-10-23 21:27:07] Payment ID: 1933222, Account Number: 0691296478, Amount: 305.00, Status: SUCCESSFUL, Employee ID: 35, Narration: Year-end bonus
[2024-10-22 21:27:07] Payment ID: 1933223, Account Number: 8956142566, Amount: 449.00, Status: SUCCESSFUL, Employee ID: 32, Narration: Pension adjustment
[2024-10-21 21:27:07] Payment ID: 1933224, Account Number: 3496247046, Amount: 339.00, Status: SUCCESSFUL, Employee ID: 41, Narration: Compensation payment
[2024-10-20 21:27:07] Payment ID: 1933225, Account Number: 1564687835, Amount: 434.00, Status: SUCCESSFUL, Employee ID: 48, Narration: Retirement fund allocation
[2024-10-19 21:27:07] Payment ID: 1933226, Account Number: 8142494471, Amount: 456.00, Status: SUCCESSFUL, Employee ID: 48, Narration: Monthly pension transfer
[2024-10-18 21:27:07] Payment ID: 1933227, Account Number: 4091736345, Amount: 344.00, Status: SUCCESSFUL, Employee ID: 21, Narration: Transportation reimbursement
[2024-10-17 21:27:07] Payment ID: 1933228, Account Number: 2809082723, Amount: 207.00, Status: SUCCESSFUL, Employee ID: 39, Narration: Monthly pension transfer
[2024-10-16 21:27:07] Payment ID: 1933229, Account Number: 5885450265, Amount: 202.00, Status: SUCCESSFUL, Employee ID: 24, Narration: Medical allowance
[2024-10-15 21:27:07] Payment ID: 1933230, Account Number: 4072714817, Amount: 480.00, Status: SUCCESSFUL, Employee ID: 49, Narration: Medical allowance
[2024-10-14 21:27:07] Payment ID: 1933231, Account Number: 1768051796, Amount: 252.00, Status: SUCCESSFUL, Employee ID: 29, Narration: Transportation reimbursement
[2024-10-13 21:27:07] Payment ID: 1933232, Account Number: 4104434405, Amount: 240.00, Status: SUCCESSFUL, Employee ID: 33, Narration: Retirement fund allocation
[2024-10-12 21:27:07] Payment ID: 1933233, Account Number: 7442456770, Amount: 378.00, Status: SUCCESSFUL, Employee ID: 28, Narration: Compensation payment
[2024-10-11 21:27:07] Payment ID: 1933234, Account Number: 7041729535, Amount: 409.00, Status: SUCCESSFUL, Employee ID: 23, Narration: Monthly pension transfer
[2024-10-10 21:27:07] Payment ID: 1933235, Account Number: 1765029175, Amount: 392.00, Status: SUCCESSFUL, Employee ID: 50, Narration: Monthly pension transfer
[2024-10-09 21:27:07] Payment ID: 1933236, Account Number: 7157083697, Amount: 429.00, Status: SUCCESSFUL, Employee ID: 34, Narration: Year-end bonus
[2024-10-08 21:27:07] Payment ID: 1933237, Account Number: 5546657803, Amount: 245.00, Status: SUCCESSFUL, Employee ID: 29, Narration: Compensation payment
[2024-10-07 21:27:07] Payment ID: 1933238, Account Number: 0610441872, Amount: 371.00, Status: SUCCESSFUL, Employee ID: 47, Narration: Compensation payment
[2024-10-06 21:27:07] Payment ID: 1933239, Account Number: 3359918572, Amount: 306.00, Status: SUCCESSFUL, Employee ID: 32, Narration: Retirement fund allocation
[2024-10-05 21:27:07] Payment ID: 1933240, Account Number: 7203133946, Amount: 469.00, Status: SUCCESSFUL, Employee ID: 24, Narration: Severance payment
[2024-10-04 21:27:07] Payment ID: 1933241, Account Number: 6434411995, Amount: 368.00, Status: SUCCESSFUL, Employee ID: 37, Narration: Salary disbursement
[2024-10-03 21:27:07] Payment ID: 1933242, Account Number: 4183587021, Amount: 327.00, Status: SUCCESSFUL, Employee ID: 48, Narration: Compensation payment
[2024-10-02 21:27:07] Payment ID: 1933243, Account Number: 9822276395, Amount: 235.00, Status: SUCCESSFUL, Employee ID: 50, Narration: Salary disbursement
[2024-10-01 21:27:07] Payment ID: 1933244, Account Number: 9480621352, Amount: 287.00, Status: SUCCESSFUL, Employee ID: 31, Narration: Bonus payment
[2024-09-30 21:27:07] Payment ID: 1933245, Account Number: 1414521608, Amount: 249.00, Status: SUCCESSFUL, Employee ID: 36, Narration: Retirement fund allocation
[2024-09-29 21:27:07] Payment ID: 1933246, Account Number: 9310170702, Amount: 475.00, Status: SUCCESSFUL, Employee ID: 33, Narration: Retirement fund allocation
[2024-09-28 21:27:07] Payment ID: 1933247, Account Number: 7831006469, Amount: 339.00, Status: SUCCESSFUL, Employee ID: 49, Narration: Year-end bonus
[2024-09-27 21:27:07] Payment ID: 1933248, Account Number: 9498558298, Amount: 363.00, Status: SUCCESSFUL, Employee ID: 28, Narration: Severance payment
[2024-10-23 21:27:13] Payment ID: 1933222, Account Number: 2202695723, Amount: 230.00, Status: SUCCESSFUL, Employee ID: 37, Narration: Medical allowance
[2024-10-22 21:27:13] Payment ID: 1933223, Account Number: 8122881266, Amount: 241.00, Status: SUCCESSFUL, Employee ID: 41, Narration: Compensation payment
[2024-10-21 21:27:13] Payment ID: 1933224, Account Number: 7888064860, Amount: 472.00, Status: SUCCESSFUL, Employee ID: 24, Narration: Medical allowance
[2024-10-20 21:27:13] Payment ID: 1933225, Account Number: 8113971767, Amount: 443.00, Status: SUCCESSFUL, Employee ID: 25, Narration: Compensation payment
[2024-10-19 21:27:13] Payment ID: 1933226, Account Number: 7429921011, Amount: 289.00, Status: SUCCESSFUL, Employee ID: 23, Narration: Compensation payment
[2024-10-18 21:27:13] Payment ID: 1933227, Account Number: 9518181234, Amount: 453.00, Status: SUCCESSFUL, Employee ID: 47, Narration: Compensation payment
[2024-10-17 21:27:13] Payment ID: 1933228, Account Number: 0243388046, Amount: 495.00, Status: SUCCESSFUL, Employee ID: 49, Narration: Compensation payment
[2024-10-16 21:27:13] Payment ID: 1933229, Account Number: 9813044227, Amount: 332.00, Status: SUCCESSFUL, Employee ID: 20, Narration: Transportation reimbursement
[2024-10-15 21:27:13] Payment ID: 1933230, Account Number: 6744709121, Amount: 373.00, Status: SUCCESSFUL, Employee ID: 45, Narration: Transportation reimbursement
[2024-10-14 21:27:13] Payment ID: 1933231, Account Number: 4377968296, Amount: 259.00, Status: SUCCESSFUL, Employee ID: 42, Narration: Retirement fund allocation
[2024-10-13 21:27:13] Payment ID: 1933232, Account Number: 2008232911, Amount: 466.00, Status: SUCCESSFUL, Employee ID: 42, Narration: Medical allowance
[2024-10-12 21:27:13] Payment ID: 1933233, Account Number: 5910579399, Amount: 238.00, Status: SUCCESSFUL, Employee ID: 47, Narration: Transportation reimbursement
[2024-10-11 21:27:13] Payment ID: 1933234, Account Number: 7216760107, Amount: 500.00, Status: SUCCESSFUL, Employee ID: 26, Narration: Compensation payment
[2024-10-10 21:27:13] Payment ID: 1933235, Account Number: 6884025780, Amount: 464.00, Status: SUCCESSFUL, Employee ID: 44, Narration: Year-end bonus
[2024-10-09 21:27:13] Payment ID: 1933236, Account Number: 1795402388, Amount: 434.00, Status: SUCCESSFUL, Employee ID: 41, Narration: Salary disbursement
[2024-10-08 21:27:13] Payment ID: 1933237, Account Number: 7491516860, Amount: 381.00, Status: SUCCESSFUL, Employee ID: 38, Narration: Monthly pension transfer
[2024-10-07 21:27:13] Payment ID: 1933238, Account Number: 1408233336, Amount: 339.00, Status: SUCCESSFUL, Employee ID: 31, Narration: Medical allowance
[2024-10-06 21:27:13] Payment ID: 1933239, Account Number: 2801878488, Amount: 263.00, Status: SUCCESSFUL, Employee ID: 23, Narration: Transportation reimbursement
[2024-10-05 21:27:13] Payment ID: 1933240, Account Number: 2173973149, Amount: 378.00, Status: SUCCESSFUL, Employee ID: 44, Narration: Monthly pension transfer
[2024-10-04 21:27:13] Payment ID: 1933241, Account Number: 4775731274, Amount: 455.00, Status: SUCCESSFUL, Employee ID: 30, Narration: Pension adjustment
[2024-10-03 21:27:13] Payment ID: 1933242, Account Number: 6817240366, Amount: 382.00, Status: SUCCESSFUL, Employee ID: 42, Narration: Pension adjustment
[2024-10-02 21:27:13] Payment ID: 1933243, Account Number: 2392946712, Amount: 274.00, Status: SUCCESSFUL, Employee ID: 27, Narration: Monthly pension transfer
[2024-10-01 21:27:13] Payment ID: 1933244, Account Number: 5064722471, Amount: 240.00, Status: SUCCESSFUL, Employee ID: 21, Narration: Severance payment
[2024-09-30 21:27:13] Payment ID: 1933245, Account Number: 0662687027, Amount: 204.00, Status: SUCCESSFUL, Employee ID: 40, Narration: Monthly pension transfer
[2024-09-29 21:27:13] Payment ID: 1933246, Account Number: 3597605430, Amount: 449.00, Status: SUCCESSFUL, Employee ID: 22, Narration: Compensation payment
[2024-09-28 21:27:13] Payment ID: 1933247, Account Number: 9747935124, Amount: 293.00, Status: SUCCESSFUL, Employee ID: 41, Narration: Compensation payment
[2024-09-27 21:27:13] Payment ID: 1933248, Account Number: 5486166851, Amount: 467.00, Status: SUCCESSFUL, Employee ID: 38, Narration: Bonus payment
